X mill.scalajslib.HelloJSWorldTests.test 3319ms
  scala.MatchError: Right(Result((
  ,List()),96)) (of class scala.util.Right)
    mill.scalajslib.HelloJSWorldTests$.runTests$1(HelloJSWorldTests.scala:204)
    mill.scalajslib.HelloJSWorldTests$.checkUtest$1(HelloJSWorldTests.scala:217)
    mill.scalajslib.HelloJSWorldTests$.$anonfun$tests$48(HelloJSWorldTests.scala:255)
    mill.scalajslib.HelloJSWorldTests$.$anonfun$tests$48$adapted(HelloJSWorldTests.scala:255)
    mill.scalajslib.HelloJSWorldTests$.$anonfun$testAllMatrix$4(HelloJSWorldTests.scala:359)
    scala.collection.IterableOnceOps.foreach(IterableOnce.scala:619)
    scala.collection.IterableOnceOps.foreach$(IterableOnce.scala:617)
    scala.collection.AbstractIterable.foreach(Iterable.scala:935)
    scala.collection.IterableOps$WithFilter.foreach(Iterable.scala:905)
    mill.scalajslib.HelloJSWorldTests$.testAllMatrix(HelloJSWorldTests.scala:349)
    mill.scalajslib.HelloJSWorldTests$.$anonfun$tests$47(HelloJSWorldTests.scala:254)
X mill.scalajslib.HelloJSWorldTests.testCached 3018ms
  scala.MatchError: Right(Result((
  ,List()),96)) (of class scala.util.Right)
    mill.scalajslib.HelloJSWorldTests$.runTests$1(HelloJSWorldTests.scala:204)
    mill.scalajslib.HelloJSWorldTests$.checkUtest$1(HelloJSWorldTests.scala:217)
    mill.scalajslib.HelloJSWorldTests$.$anonfun$tests$53(HelloJSWorldTests.scala:267)
    mill.scalajslib.HelloJSWorldTests$.$anonfun$tests$53$adapted(HelloJSWorldTests.scala:267)
    mill.scalajslib.HelloJSWorldTests$.$anonfun$testAllMatrix$4(HelloJSWorldTests.scala:359)
    scala.collection.IterableOnceOps.foreach(IterableOnce.scala:619)
    scala.collection.IterableOnceOps.foreach$(IterableOnce.scala:617)
    scala.collection.AbstractIterable.foreach(Iterable.scala:935)
    scala.collection.IterableOps$WithFilter.foreach(Iterable.scala:905)
    mill.scalajslib.HelloJSWorldTests$.testAllMatrix(HelloJSWorldTests.scala:349)
    mill.scalajslib.HelloJSWorldTests$.$anonfun$tests$52(HelloJSWorldTests.scala:266)
X mill.scalajslib.SourceMapTests.should disable source maps 676ms
  utest.AssertionError: assert(publicModules.length == 1)
  publicModules: Seq[mill.scalajslib.api.Report.Module] = List()
    utest.asserts.Asserts$.assertImpl(Asserts.scala:30)
    mill.scalajslib.SourceMapTests$.$anonfun$tests$2(SourceMapTests.scala:30)
X mill.scalajslib.SmallModulesForTests.ModuleSplitStyle.SmallModulesFor.it should have a single publicModule 760ms
  utest.AssertionError: assert(modulesLength == 8)
  modulesLength: Int = 0
    utest.asserts.Asserts$.assertImpl(Asserts.scala:30)
    mill.scalajslib.SmallModulesForTests$.$anonfun$tests$2(SmallModulesForTests.scala:43)
X mill.scalajslib.SmallModulesForTests.ModuleSplitStyle.SmallModulesFor.my.Foo should not have its own file since it is in a separate package 144ms
  utest.AssertionError: assert(modulesLength == 8)
  modulesLength: Int = 0
    utest.asserts.Asserts$.assertImpl(Asserts.scala:30)
    mill.scalajslib.SmallModulesForTests$.$anonfun$tests$2(SmallModulesForTests.scala:43)
X mill.scalajslib.OutputPatternsTests.output patterns 670ms
  utest.AssertionError: assert(publicModules.length == 1)
  publicModules: Seq[mill.scalajslib.api.Report.Module] = List()
    utest.asserts.Asserts$.assertImpl(Asserts.scala:30)
    mill.scalajslib.OutputPatternsTests$.$anonfun$tests$2(OutputPatternsTests.scala:33)
X mill.scalajslib.EsModuleRemapTests.should remap the esmodule 692ms
  utest.AssertionError: assert(publicModules.length == 1)
  publicModules: Seq[mill.scalajslib.api.Report.Module] = List()
    utest.asserts.Asserts$.assertImpl(Asserts.scala:30)
    mill.scalajslib.EsModuleRemapTests$.$anonfun$tests$2(RemapEsModuleTests.scala:50)
X mill.scalajslib.TopLevelExportsTests.top level exports 740ms
  utest.AssertionError: assert(publicModules.length == 2)
  publicModules: Seq[mill.scalajslib.api.Report.Module] = List()
    utest.asserts.Asserts$.assertImpl(Asserts.scala:30)
    mill.scalajslib.TopLevelExportsTests$.$anonfun$tests$2(TopLevelExportsTests.scala:32)